Determining if the include file io.h exists failed with the following output:
Change Dir: /home/emilejbm/Desktop/github/CS334-2022Fall/CS334/hw1_v2/deps/libtiff-master/build/CMakeFiles/CMakeTmp

Run Build Command(s):/usr/bin/make cmTC_b08db/fast && /usr/bin/make -f CMakeFiles/cmTC_b08db.dir/build.make CMakeFiles/cmTC_b08db.dir/build
make[1]: Entering directory '/home/emilejbm/Desktop/github/CS334-2022Fall/CS334/hw1_v2/deps/libtiff-master/build/CMakeFiles/CMakeTmp'
Building C object CMakeFiles/cmTC_b08db.dir/CheckIncludeFile.c.o
/usr/bin/cc   -Wall -Winline -W -Wformat-security -Wpointer-arith -Wdisabled-optimization -Wno-unknown-pragmas -Wdeclaration-after-statement -fstrict-aliasing    -o CMakeFiles/cmTC_b08db.dir/CheckIncludeFile.c.o   -c /home/emilejbm/Desktop/github/CS334-2022Fall/CS334/hw1_v2/deps/libtiff-master/build/CMakeFiles/CMakeTmp/CheckIncludeFile.c
/home/emilejbm/Desktop/github/CS334-2022Fall/CS334/hw1_v2/deps/libtiff-master/build/CMakeFiles/CMakeTmp/CheckIncludeFile.c:1:10: fatal error: io.h: No such file or directory
    1 | #include <io.h>
      |          ^~~~~~
compilation terminated.
make[1]: *** [CMakeFiles/cmTC_b08db.dir/build.make:66: CMakeFiles/cmTC_b08db.dir/CheckIncludeFile.c.o] Error 1
make[1]: Leaving directory '/home/emilejbm/Desktop/github/CS334-2022Fall/CS334/hw1_v2/deps/libtiff-master/build/CMakeFiles/CMakeTmp'
make: *** [Makefile:121: cmTC_b08db/fast] Error 2



Determining size of INT8 failed with the following output:
Change Dir: /home/emilejbm/Desktop/github/CS334-2022Fall/CS334/hw1_v2/deps/libtiff-master/build/CMakeFiles/CMakeTmp

Run Build Command(s):/usr/bin/make cmTC_c7211/fast && /usr/bin/make -f CMakeFiles/cmTC_c7211.dir/build.make CMakeFiles/cmTC_c7211.dir/build
make[1]: Entering directory '/home/emilejbm/Desktop/github/CS334-2022Fall/CS334/hw1_v2/deps/libtiff-master/build/CMakeFiles/CMakeTmp'
Building C object CMakeFiles/cmTC_c7211.dir/int8.c.o
/usr/bin/cc   -Wall -Winline -W -Wformat-security -Wpointer-arith -Wdisabled-optimization -Wno-unknown-pragmas -Wdeclaration-after-statement -fstrict-aliasing    -o CMakeFiles/cmTC_c7211.dir/int8.c.o   -c /home/emilejbm/Desktop/github/CS334-2022Fall/CS334/hw1_v2/deps/libtiff-master/build/CMakeFiles/CheckTypeSize/int8.c
/home/emilejbm/Desktop/github/CS334-2022Fall/CS334/hw1_v2/deps/libtiff-master/build/CMakeFiles/CheckTypeSize/int8.c:23:22: error: ‘INT8’ undeclared here (not in a function); did you mean ‘INT8_C’?
   23 | #define SIZE (sizeof(INT8))
      |                      ^~~~
/home/emilejbm/Desktop/github/CS334-2022Fall/CS334/hw1_v2/deps/libtiff-master/build/CMakeFiles/CheckTypeSize/int8.c:25:12: note: in expansion of macro ‘SIZE’
   25 |   ('0' + ((SIZE / 10000)%10)),
      |            ^~~~
make[1]: *** [CMakeFiles/cmTC_c7211.dir/build.make:66: CMakeFiles/cmTC_c7211.dir/int8.c.o] Error 1
make[1]: Leaving directory '/home/emilejbm/Desktop/github/CS334-2022Fall/CS334/hw1_v2/deps/libtiff-master/build/CMakeFiles/CMakeTmp'
make: *** [Makefile:121: cmTC_c7211/fast] Error 2


/home/emilejbm/Desktop/github/CS334-2022Fall/CS334/hw1_v2/deps/libtiff-master/build/CMakeFiles/CheckTypeSize/int8.c:
#include <sys/types.h>
#include <stdint.h>
#include <stddef.h>


#undef KEY
#if defined(__i386)
# define KEY '_','_','i','3','8','6'
#elif defined(__x86_64)
# define KEY '_','_','x','8','6','_','6','4'
#elif defined(__ppc__)
# define KEY '_','_','p','p','c','_','_'
#elif defined(__ppc64__)
# define KEY '_','_','p','p','c','6','4','_','_'
#elif defined(__aarch64__)
# define KEY '_','_','a','a','r','c','h','6','4','_','_'
#elif defined(__ARM_ARCH_7A__)
# define KEY '_','_','A','R','M','_','A','R','C','H','_','7','A','_','_'
#elif defined(__ARM_ARCH_7S__)
# define KEY '_','_','A','R','M','_','A','R','C','H','_','7','S','_','_'
#endif

#define SIZE (sizeof(INT8))
static char info_size[] =  {'I', 'N', 'F', 'O', ':', 's','i','z','e','[',
  ('0' + ((SIZE / 10000)%10)),
  ('0' + ((SIZE / 1000)%10)),
  ('0' + ((SIZE / 100)%10)),
  ('0' + ((SIZE / 10)%10)),
  ('0' +  (SIZE    % 10)),
  ']',
#ifdef KEY
  ' ','k','e','y','[', KEY, ']',
#endif
  '\0'};

#ifdef __CLASSIC_C__
int main(argc, argv) int argc; char *argv[];
#else
int main(int argc, char *argv[])
#endif
{
  int require = 0;
  require += info_size[argc];
  (void)argv;
  return require;
}


Determining size of INT16 failed with the following output:
Change Dir: /home/emilejbm/Desktop/github/CS334-2022Fall/CS334/hw1_v2/deps/libtiff-master/build/CMakeFiles/CMakeTmp

Run Build Command(s):/usr/bin/make cmTC_211d9/fast && /usr/bin/make -f CMakeFiles/cmTC_211d9.dir/build.make CMakeFiles/cmTC_211d9.dir/build
make[1]: Entering directory '/home/emilejbm/Desktop/github/CS334-2022Fall/CS334/hw1_v2/deps/libtiff-master/build/CMakeFiles/CMakeTmp'
Building C object CMakeFiles/cmTC_211d9.dir/int16.c.o
/usr/bin/cc   -Wall -Winline -W -Wformat-security -Wpointer-arith -Wdisabled-optimization -Wno-unknown-pragmas -Wdeclaration-after-statement -fstrict-aliasing    -o CMakeFiles/cmTC_211d9.dir/int16.c.o   -c /home/emilejbm/Desktop/github/CS334-2022Fall/CS334/hw1_v2/deps/libtiff-master/build/CMakeFiles/CheckTypeSize/int16.c
/home/emilejbm/Desktop/github/CS334-2022Fall/CS334/hw1_v2/deps/libtiff-master/build/CMakeFiles/CheckTypeSize/int16.c:23:22: error: ‘INT16’ undeclared here (not in a function); did you mean ‘INT16_C’?
   23 | #define SIZE (sizeof(INT16))
      |                      ^~~~~
/home/emilejbm/Desktop/github/CS334-2022Fall/CS334/hw1_v2/deps/libtiff-master/build/CMakeFiles/CheckTypeSize/int16.c:25:12: note: in expansion of macro ‘SIZE’
   25 |   ('0' + ((SIZE / 10000)%10)),
      |            ^~~~
make[1]: *** [CMakeFiles/cmTC_211d9.dir/build.make:66: CMakeFiles/cmTC_211d9.dir/int16.c.o] Error 1
make[1]: Leaving directory '/home/emilejbm/Desktop/github/CS334-2022Fall/CS334/hw1_v2/deps/libtiff-master/build/CMakeFiles/CMakeTmp'
make: *** [Makefile:121: cmTC_211d9/fast] Error 2


/home/emilejbm/Desktop/github/CS334-2022Fall/CS334/hw1_v2/deps/libtiff-master/build/CMakeFiles/CheckTypeSize/int16.c:
#include <sys/types.h>
#include <stdint.h>
#include <stddef.h>


#undef KEY
#if defined(__i386)
# define KEY '_','_','i','3','8','6'
#elif defined(__x86_64)
# define KEY '_','_','x','8','6','_','6','4'
#elif defined(__ppc__)
# define KEY '_','_','p','p','c','_','_'
#elif defined(__ppc64__)
# define KEY '_','_','p','p','c','6','4','_','_'
#elif defined(__aarch64__)
# define KEY '_','_','a','a','r','c','h','6','4','_','_'
#elif defined(__ARM_ARCH_7A__)
# define KEY '_','_','A','R','M','_','A','R','C','H','_','7','A','_','_'
#elif defined(__ARM_ARCH_7S__)
# define KEY '_','_','A','R','M','_','A','R','C','H','_','7','S','_','_'
#endif

#define SIZE (sizeof(INT16))
static char info_size[] =  {'I', 'N', 'F', 'O', ':', 's','i','z','e','[',
  ('0' + ((SIZE / 10000)%10)),
  ('0' + ((SIZE / 1000)%10)),
  ('0' + ((SIZE / 100)%10)),
  ('0' + ((SIZE / 10)%10)),
  ('0' +  (SIZE    % 10)),
  ']',
#ifdef KEY
  ' ','k','e','y','[', KEY, ']',
#endif
  '\0'};

#ifdef __CLASSIC_C__
int main(argc, argv) int argc; char *argv[];
#else
int main(int argc, char *argv[])
#endif
{
  int require = 0;
  require += info_size[argc];
  (void)argv;
  return require;
}


Determining size of INT32 failed with the following output:
Change Dir: /home/emilejbm/Desktop/github/CS334-2022Fall/CS334/hw1_v2/deps/libtiff-master/build/CMakeFiles/CMakeTmp

Run Build Command(s):/usr/bin/make cmTC_5b6a9/fast && /usr/bin/make -f CMakeFiles/cmTC_5b6a9.dir/build.make CMakeFiles/cmTC_5b6a9.dir/build
make[1]: Entering directory '/home/emilejbm/Desktop/github/CS334-2022Fall/CS334/hw1_v2/deps/libtiff-master/build/CMakeFiles/CMakeTmp'
Building C object CMakeFiles/cmTC_5b6a9.dir/int32.c.o
/usr/bin/cc   -Wall -Winline -W -Wformat-security -Wpointer-arith -Wdisabled-optimization -Wno-unknown-pragmas -Wdeclaration-after-statement -fstrict-aliasing    -o CMakeFiles/cmTC_5b6a9.dir/int32.c.o   -c /home/emilejbm/Desktop/github/CS334-2022Fall/CS334/hw1_v2/deps/libtiff-master/build/CMakeFiles/CheckTypeSize/int32.c
/home/emilejbm/Desktop/github/CS334-2022Fall/CS334/hw1_v2/deps/libtiff-master/build/CMakeFiles/CheckTypeSize/int32.c:23:22: error: ‘INT32’ undeclared here (not in a function); did you mean ‘INT32_C’?
   23 | #define SIZE (sizeof(INT32))
      |                      ^~~~~
/home/emilejbm/Desktop/github/CS334-2022Fall/CS334/hw1_v2/deps/libtiff-master/build/CMakeFiles/CheckTypeSize/int32.c:25:12: note: in expansion of macro ‘SIZE’
   25 |   ('0' + ((SIZE / 10000)%10)),
      |            ^~~~
make[1]: *** [CMakeFiles/cmTC_5b6a9.dir/build.make:66: CMakeFiles/cmTC_5b6a9.dir/int32.c.o] Error 1
make[1]: Leaving directory '/home/emilejbm/Desktop/github/CS334-2022Fall/CS334/hw1_v2/deps/libtiff-master/build/CMakeFiles/CMakeTmp'
make: *** [Makefile:121: cmTC_5b6a9/fast] Error 2


/home/emilejbm/Desktop/github/CS334-2022Fall/CS334/hw1_v2/deps/libtiff-master/build/CMakeFiles/CheckTypeSize/int32.c:
#include <sys/types.h>
#include <stdint.h>
#include <stddef.h>


#undef KEY
#if defined(__i386)
# define KEY '_','_','i','3','8','6'
#elif defined(__x86_64)
# define KEY '_','_','x','8','6','_','6','4'
#elif defined(__ppc__)
# define KEY '_','_','p','p','c','_','_'
#elif defined(__ppc64__)
# define KEY '_','_','p','p','c','6','4','_','_'
#elif defined(__aarch64__)
# define KEY '_','_','a','a','r','c','h','6','4','_','_'
#elif defined(__ARM_ARCH_7A__)
# define KEY '_','_','A','R','M','_','A','R','C','H','_','7','A','_','_'
#elif defined(__ARM_ARCH_7S__)
# define KEY '_','_','A','R','M','_','A','R','C','H','_','7','S','_','_'
#endif

#define SIZE (sizeof(INT32))
static char info_size[] =  {'I', 'N', 'F', 'O', ':', 's','i','z','e','[',
  ('0' + ((SIZE / 10000)%10)),
  ('0' + ((SIZE / 1000)%10)),
  ('0' + ((SIZE / 100)%10)),
  ('0' + ((SIZE / 10)%10)),
  ('0' +  (SIZE    % 10)),
  ']',
#ifdef KEY
  ' ','k','e','y','[', KEY, ']',
#endif
  '\0'};

#ifdef __CLASSIC_C__
int main(argc, argv) int argc; char *argv[];
#else
int main(int argc, char *argv[])
#endif
{
  int require = 0;
  require += info_size[argc];
  (void)argv;
  return require;
}


Determining if the function setmode exists failed with the following output:
Change Dir: /home/emilejbm/Desktop/github/CS334-2022Fall/CS334/hw1_v2/deps/libtiff-master/build/CMakeFiles/CMakeTmp

Run Build Command(s):/usr/bin/make cmTC_bdcbb/fast && /usr/bin/make -f CMakeFiles/cmTC_bdcbb.dir/build.make CMakeFiles/cmTC_bdcbb.dir/build
make[1]: Entering directory '/home/emilejbm/Desktop/github/CS334-2022Fall/CS334/hw1_v2/deps/libtiff-master/build/CMakeFiles/CMakeTmp'
Building C object CMakeFiles/cmTC_bdcbb.dir/CheckFunctionExists.c.o
/usr/bin/cc   -Wall -Winline -W -Wformat-security -Wpointer-arith -Wdisabled-optimization -Wno-unknown-pragmas -Wdeclaration-after-statement -fstrict-aliasing -DCHECK_FUNCTION_EXISTS=setmode   -o CMakeFiles/cmTC_bdcbb.dir/CheckFunctionExists.c.o   -c /usr/share/cmake-3.16/Modules/CheckFunctionExists.c
Linking C executable cmTC_bdcbb
/usr/bin/cmake -E cmake_link_script CMakeFiles/cmTC_bdcbb.dir/link.txt --verbose=1
/usr/bin/cc  -Wall -Winline -W -Wformat-security -Wpointer-arith -Wdisabled-optimization -Wno-unknown-pragmas -Wdeclaration-after-statement -fstrict-aliasing -DCHECK_FUNCTION_EXISTS=setmode    -rdynamic CMakeFiles/cmTC_bdcbb.dir/CheckFunctionExists.c.o  -o cmTC_bdcbb 
/usr/bin/ld: CMakeFiles/cmTC_bdcbb.dir/CheckFunctionExists.c.o: in function `main':
CheckFunctionExists.c:(.text+0x14): undefined reference to `setmode'
collect2: error: ld returned 1 exit status
make[1]: *** [CMakeFiles/cmTC_bdcbb.dir/build.make:87: cmTC_bdcbb] Error 1
make[1]: Leaving directory '/home/emilejbm/Desktop/github/CS334-2022Fall/CS334/hw1_v2/deps/libtiff-master/build/CMakeFiles/CMakeTmp'
make: *** [Makefile:121: cmTC_bdcbb/fast] Error 2



Determining if the include file GLUT/glut.h exists failed with the following output:
Change Dir: /home/emilejbm/Desktop/github/CS334-2022Fall/CS334/hw1_v2/deps/libtiff-master/build/CMakeFiles/CMakeTmp

Run Build Command(s):/usr/bin/make cmTC_fa90f/fast && /usr/bin/make -f CMakeFiles/cmTC_fa90f.dir/build.make CMakeFiles/cmTC_fa90f.dir/build
make[1]: Entering directory '/home/emilejbm/Desktop/github/CS334-2022Fall/CS334/hw1_v2/deps/libtiff-master/build/CMakeFiles/CMakeTmp'
Building C object CMakeFiles/cmTC_fa90f.dir/CheckIncludeFile.c.o
/usr/bin/cc   -Wall -Winline -W -Wformat-security -Wpointer-arith -Wdisabled-optimization -Wno-unknown-pragmas -Wdeclaration-after-statement -fstrict-aliasing    -o CMakeFiles/cmTC_fa90f.dir/CheckIncludeFile.c.o   -c /home/emilejbm/Desktop/github/CS334-2022Fall/CS334/hw1_v2/deps/libtiff-master/build/CMakeFiles/CMakeTmp/CheckIncludeFile.c
/home/emilejbm/Desktop/github/CS334-2022Fall/CS334/hw1_v2/deps/libtiff-master/build/CMakeFiles/CMakeTmp/CheckIncludeFile.c:1:10: fatal error: GLUT/glut.h: No such file or directory
    1 | #include <GLUT/glut.h>
      |          ^~~~~~~~~~~~~
compilation terminated.
make[1]: *** [CMakeFiles/cmTC_fa90f.dir/build.make:66: CMakeFiles/cmTC_fa90f.dir/CheckIncludeFile.c.o] Error 1
make[1]: Leaving directory '/home/emilejbm/Desktop/github/CS334-2022Fall/CS334/hw1_v2/deps/libtiff-master/build/CMakeFiles/CMakeTmp'
make: *** [Makefile:121: cmTC_fa90f/fast] Error 2



Determining if the include file OpenGL/gl.h exists failed with the following output:
Change Dir: /home/emilejbm/Desktop/github/CS334-2022Fall/CS334/hw1_v2/deps/libtiff-master/build/CMakeFiles/CMakeTmp

Run Build Command(s):/usr/bin/make cmTC_9466b/fast && /usr/bin/make -f CMakeFiles/cmTC_9466b.dir/build.make CMakeFiles/cmTC_9466b.dir/build
make[1]: Entering directory '/home/emilejbm/Desktop/github/CS334-2022Fall/CS334/hw1_v2/deps/libtiff-master/build/CMakeFiles/CMakeTmp'
Building C object CMakeFiles/cmTC_9466b.dir/CheckIncludeFile.c.o
/usr/bin/cc   -Wall -Winline -W -Wformat-security -Wpointer-arith -Wdisabled-optimization -Wno-unknown-pragmas -Wdeclaration-after-statement -fstrict-aliasing    -o CMakeFiles/cmTC_9466b.dir/CheckIncludeFile.c.o   -c /home/emilejbm/Desktop/github/CS334-2022Fall/CS334/hw1_v2/deps/libtiff-master/build/CMakeFiles/CMakeTmp/CheckIncludeFile.c
/home/emilejbm/Desktop/github/CS334-2022Fall/CS334/hw1_v2/deps/libtiff-master/build/CMakeFiles/CMakeTmp/CheckIncludeFile.c:1:10: fatal error: OpenGL/gl.h: No such file or directory
    1 | #include <OpenGL/gl.h>
      |          ^~~~~~~~~~~~~
compilation terminated.
make[1]: *** [CMakeFiles/cmTC_9466b.dir/build.make:66: CMakeFiles/cmTC_9466b.dir/CheckIncludeFile.c.o] Error 1
make[1]: Leaving directory '/home/emilejbm/Desktop/github/CS334-2022Fall/CS334/hw1_v2/deps/libtiff-master/build/CMakeFiles/CMakeTmp'
make: *** [Makefile:121: cmTC_9466b/fast] Error 2



Determining if the include file OpenGL/glu.h exists failed with the following output:
Change Dir: /home/emilejbm/Desktop/github/CS334-2022Fall/CS334/hw1_v2/deps/libtiff-master/build/CMakeFiles/CMakeTmp

Run Build Command(s):/usr/bin/make cmTC_2723e/fast && /usr/bin/make -f CMakeFiles/cmTC_2723e.dir/build.make CMakeFiles/cmTC_2723e.dir/build
make[1]: Entering directory '/home/emilejbm/Desktop/github/CS334-2022Fall/CS334/hw1_v2/deps/libtiff-master/build/CMakeFiles/CMakeTmp'
Building C object CMakeFiles/cmTC_2723e.dir/CheckIncludeFile.c.o
/usr/bin/cc   -Wall -Winline -W -Wformat-security -Wpointer-arith -Wdisabled-optimization -Wno-unknown-pragmas -Wdeclaration-after-statement -fstrict-aliasing    -o CMakeFiles/cmTC_2723e.dir/CheckIncludeFile.c.o   -c /home/emilejbm/Desktop/github/CS334-2022Fall/CS334/hw1_v2/deps/libtiff-master/build/CMakeFiles/CMakeTmp/CheckIncludeFile.c
/home/emilejbm/Desktop/github/CS334-2022Fall/CS334/hw1_v2/deps/libtiff-master/build/CMakeFiles/CMakeTmp/CheckIncludeFile.c:1:10: fatal error: OpenGL/glu.h: No such file or directory
    1 | #include <OpenGL/glu.h>
      |          ^~~~~~~~~~~~~~
compilation terminated.
make[1]: *** [CMakeFiles/cmTC_2723e.dir/build.make:66: CMakeFiles/cmTC_2723e.dir/CheckIncludeFile.c.o] Error 1
make[1]: Leaving directory '/home/emilejbm/Desktop/github/CS334-2022Fall/CS334/hw1_v2/deps/libtiff-master/build/CMakeFiles/CMakeTmp'
make: *** [Makefile:121: cmTC_2723e/fast] Error 2



